<?xml version="1.0" encoding="UTF-8"?>
<!-- Generated by org.testng.reporters.JUnitReportReporter -->
<testsuite hostname="admin-PC" failures="0" tests="1" name="testScripts.FirstTest" time="116.590" errors="0" timestamp="2023-02-17T16:15:53 IST" skipped="0">
  <testcase classname="testScripts.FirstTest" name="firstTest" time="116.590"/>
  <system-out/>
</testsuite> <!-- testScripts.FirstTest -->
